[be-it.com.mx/index.html]
[backblue.gif]
[fade.gif]
[index.html]
[be-it.com.mx/wp-content/uploads/2022/06/cropped-icono_Be_IT_Principal.jpg]
[be-it.com.mx/wp-content/themes/astra/assets/css/minified/main.min2e46.css]
[be-it.com.mx/comments/feed/index.html]
[be-it.com.mx/wp-content/plugins/themesflat-addons-for-elementor/post-format/assets/css/iziModal7404.css]
[be-it.com.mx/wp-content/plugins/jeg-elementor-kit/assets/css/elements/mainfc3c.css]
[be-it.com.mx/wp-content/plugins/elementor/assets/lib/font-awesome/css/all.min7404.css]
[be-it.com.mx/wp-content/plugins/elementor/assets/lib/font-awesome/css/regular.min7404.css]
[be-it.com.mx/wp-content/plugins/themesflat-addons-for-elementor/assets/css/tf-style7404.css]
[be-it.com.mx/wp-includes/css/dist/block-library/style.min7404.css]
[be-it.com.mx/feed/index.html]
[be-it.com.mx/wp-content/plugins/header-footer-elementor/assets/css/header-footer-elementor10ef.css]
[be-it.com.mx/wp-content/plugins/elementor/assets/lib/eicons/css/elementor-icons.min91ce.css]
[be-it.com.mx/wp-content/plugins/elementor/assets/css/frontend-lite.minac9e.css]
[be-it.com.mx/wp-content/uploads/elementor/css/post-437846e.css]
[be-it.com.mx/wp-content/uploads/elementor/css/post-12809f1f.css]
[be-it.com.mx/wp-content/plugins/header-footer-elementor/inc/widgets-css/frontend10ef.css]
[be-it.com.mx/wp-content/uploads/elementor/css/post-3818f5e.css]
[be-it.com.mx/wp-content/uploads/elementor/css/post-2095eab.css]
[be-it.com.mx/wp-content/plugins/elementskit-lite/modules/elementskit-icon-pack/assets/css/ekiticons41fe.css]
[be-it.com.mx/wp-content/plugins/creame-whatsapp-me/public/css/joinchat-btn.min23c3.css]
[be-it.com.mx/wp-content/plugins/integration-dynamics/resources/front/css/wordpresscrm7404.css]
[be-it.com.mx/wp-content/plugins/integration-dynamics/resources/front/css/wordpresscrm-jqueryui-css7404.css]
[be-it.com.mx/wp-content/plugins/integration-dynamics/resources/front/css/jquery.datetimepicker7404.css]
[be-it.com.mx/wp-content/plugins/elementskit-lite/widgets/init/assets/css/widget-styles41fe.css]
[be-it.com.mx/wp-content/plugins/elementskit-lite/widgets/init/assets/css/responsive41fe.css]
[be-it.com.mx/wp-content/plugins/jeg-elementor-kit/assets/fonts/jkiticon/jkiticonfc3c.css]
[be-it.com.mx/wp-content/plugins/elementor/assets/lib/font-awesome/css/fontawesome.min52d5.css]
[be-it.com.mx/wp-content/plugins/elementor/assets/lib/font-awesome/css/solid.min52d5.css]
[be-it.com.mx/wp-content/plugins/elementor/assets/lib/font-awesome/css/brands.min52d5.css]
[be-it.com.mx/wp-includes/js/jquery/jquery.minaf6c.js]
[be-it.com.mx/wp-includes/js/jquery/jquery-migrate.mind617.js]
[be-it.com.mx/wp-content/plugins/elementor/assets/lib/swiper/swiper.min7404.js]
[be-it.com.mx/wp-content/plugins/sticky-menu-or-anything-on-scroll/assets/js/jq-sticky-anything.mine1fc.js]
[be-it.com.mx/wp-json/index.html]
[be-it.com.mx/wp-json/wp/v2/pages/1280.json]
[be-it.com.mx/xmlrpc0db0.php]
[be-it.com.mx/wp-includes/wlwmanifest.xml]
[be-it.com.mx/wp-json/oembed/1.0/embed72df.json]
[be-it.com.mx/wp-json/oembed/1.0/embed764e]
[be-it.com.mx/wp-content/uploads/2022/06/cropped-icono_Be_IT_Principal-32x32.jpg]
[be-it.com.mx/wp-content/uploads/2022/06/cropped-icono_Be_IT_Principal-192x192.jpg]
[be-it.com.mx/wp-content/uploads/2022/06/cropped-icono_Be_IT_Principal-180x180.jpg]
[be-it.com.mx/wp-content/uploads/elementor/thumbs/logo-beit-blanco-prh5ro17598lil95tigwxvh6h12mv7inly0bf22134.png]
[be-it.com.mx/wp-content/uploads/2022/06/logo-beit-blanco.png]
[be-it.com.mx/wp-content/uploads/2022/06/icono_Be_IT_Black.png]
[be-it.com.mx/wp-content/uploads/2022/06/icono_Be_IT_Black-300x300.png]
[be-it.com.mx/wp-content/uploads/2022/06/company-employees-working-in-office-VE8UL6C.jpg]
[be-it.com.mx/wp-content/uploads/elementor/thumbs/icono_Be_IT_Black-prh5rka0h6yblxmfcstzr2t31vmxx1pgm6gshsqzyg.png]
[be-it.com.mx/wp-content/uploads/elementor/thumbs/logos-clientes-Be_IT-01-prh5roz4dq73cgdze9ecn43ie2l7iv4s31zvl2obqa.png]
[be-it.com.mx/wp-content/uploads/elementor/thumbs/logos-clientes-Be_IT-02-prh5rpwykk8do2cm8rsz7luyzggkqk8if6nd2cmxk2.png]
[be-it.com.mx/wp-content/uploads/elementor/thumbs/logos-clientes-Be_IT-03-prh5rqusre9nzob93a7ls3mfkubxy9c8rbaujmljdu.png]
[be-it.com.mx/wp-content/uploads/elementor/thumbs/logos-clientes-Be_IT-06-prh5rsqgj4yb26tsqvxi4ln6fv6yopxfsf25fyjmco.png]
[be-it.com.mx/wp-content/uploads/elementor/thumbs/logos-clientes-Be_IT-05-prh5rrsmcax0qkv5wdivk3vpuhblh0tpgaenyol0iw.png]
[be-it.com.mx/conocenos/index.html]
[be-it.com.mx/servicios/fabrica-de-software/index.html]
[be-it.com.mx/wp-content/uploads/elementor/thumbs/icono_Be_IT_Principal-prh5rl7uo12g8iahvomwz3qlkhrbi6p3xqlg3vcd54.jpg]
[be-it.com.mx/wp-content/plugins/elementor/assets/css/widget-icon-list.min.css]
[be-it.com.mx/wp-content/plugins/elementor/assets/lib/animations/animations.minac9e.css]
[be-it.com.mx/wp-content/themes/astra/assets/js/minified/frontend.min2e46.js]
[be-it.com.mx/wp-content/plugins/themesflat-addons-for-elementor/assets/js/anime.min7404.js]
[be-it.com.mx/wp-content/plugins/themesflat-addons-for-elementor/assets/js/textanimation7404.js]
[be-it.com.mx/wp-content/plugins/themesflat-addons-for-elementor/assets/js/tf-main7404.js]
[be-it.com.mx/servicios/transformacion-digital/index.html]
[be-it.com.mx/wp-content/plugins/themesflat-addons-for-elementor/post-format/assets/js/iziModal7404.js]
[be-it.com.mx/wp-content/plugins/themesflat-addons-for-elementor/post-format/assets/js/jquery.mb.YTPlayer7404.js]
[be-it.com.mx/wp-content/plugins/sticky-menu-or-anything-on-scroll/assets/js/stickThise1fc.js]
[be-it.com.mx/wp-content/plugins/elementskit-lite/libs/framework/assets/js/frontend-script41fe.js]
[be-it.com.mx/servicios/desarrollo-a-la-medida/index.html]
[be-it.com.mx/wp-content/plugins/elementskit-lite/widgets/init/assets/js/widget-scripts41fe.js]
[be-it.com.mx/servicios/asignacion-de-talento-humano/index.html]
[be-it.com.mx/servicios/consultoria-ti/index.html]
[be-it.com.mx/wp-content/plugins/creame-whatsapp-me/public/js/joinchat.min23c3.js]
[be-it.com.mx/wp-content/plugins/elementor/assets/js/webpack.runtime.minac9e.js]
[be-it.com.mx/servicios/desarrollo-de-apps/index.html]
[be-it.com.mx/servicios/desarrollo-de-apps-para-pymes/index.html]
[be-it.com.mx/wp-content/plugins/elementor/assets/js/frontend-modules.minac9e.js]
[be-it.com.mx/wp-content/plugins/elementor/assets/lib/waypoints/waypoints.min05da.js]
[be-it.com.mx/wp-includes/js/jquery/ui/core.min0028.js]
[be-it.com.mx/wp-content/plugins/elementor/assets/js/frontend.minac9e.js]
[be-it.com.mx/wp-content/plugins/jeg-elementor-kit/assets/js/elements/sticky-elementfc3c.js]
[be-it.com.mx/servicios/diagnostico-ti/index.html]
[be-it.com.mx/wp-content/plugins/elementskit-lite/widgets/init/assets/js/animate-circle.min41fe.js]
[be-it.com.mx/wp-content/plugins/elementskit-lite/widgets/init/assets/js/elementor41fe.js]
[be-it.com.mx/wp-includes/js/underscore.min0028.js]
[be-it.com.mx/wp-includes/js/wp-util.min7404.js]
[be-it.com.mx/servicios/ecommerce/index.html]
[be-it.com.mx/wp-content/plugins/wpforms-lite/assets/js/integrations/elementor/frontend.minda65.js]
[be-it.com.mx/index.html]
[be-it.com.mx/servicios/paginas-web/index.html]
[be-it.com.mx/wp-content/themes/astra/assets/css/minified/main.min2e46.css]
[be-it.com.mx/blog/index.html]
[be-it.com.mx/vacantes/index.html]
[be-it.com.mx/contacto/index.html]
[be-it.com.mx/wp-content/plugins/themesflat-addons-for-elementor/post-format/assets/css/iziModal7404.css]
[be-it.com.mx/wp-content/plugins/jeg-elementor-kit/assets/img/letter-x.svg]
[be-it.com.mx/wp-content/plugins/jeg-elementor-kit/assets/css/elements/mainfc3c.css]
[be-it.com.mx/wp-content/plugins/elementor/assets/lib/font-awesome/webfonts/fa-brands-400d41d.eot]
[be-it.com.mx/wp-content/plugins/elementor/assets/lib/font-awesome/webfonts/fa-brands-400.eot]
[be-it.com.mx/wp-content/plugins/elementor/assets/lib/font-awesome/webfonts/fa-brands-400.woff2]
[be-it.com.mx/wp-content/plugins/elementor/assets/lib/font-awesome/webfonts/fa-brands-400.woff]
[be-it.com.mx/servicios/index.html]
[be-it.com.mx/wp-content/plugins/elementor/assets/lib/font-awesome/webfonts/fa-brands-400.ttf]
[be-it.com.mx/wp-content/plugins/elementor/assets/lib/font-awesome/webfonts/fa-regular-400.eot]
[be-it.com.mx/wp-content/plugins/elementor/assets/lib/font-awesome/webfonts/fa-regular-400d41d.eot]
[be-it.com.mx/wp-content/plugins/elementor/assets/lib/font-awesome/webfonts/fa-regular-400.woff2]
[be-it.com.mx/wp-content/plugins/elementor/assets/lib/font-awesome/webfonts/fa-regular-400.woff]
[be-it.com.mx/wp-content/plugins/elementor/assets/lib/font-awesome/webfonts/fa-regular-400.ttf]
[be-it.com.mx/wp-content/plugins/elementor/assets/lib/font-awesome/webfonts/fa-regular-400.svg]
[be-it.com.mx/wp-content/plugins/elementor/assets/lib/font-awesome/webfonts/fa-solid-900.eot]
[be-it.com.mx/wp-content/plugins/elementor/assets/lib/font-awesome/webfonts/fa-solid-900.woff2]
[be-it.com.mx/wp-content/plugins/elementor/assets/lib/font-awesome/webfonts/fa-solid-900.woff]
[be-it.com.mx/wp-content/plugins/elementor/assets/lib/font-awesome/webfonts/fa-solid-900.ttf]
[be-it.com.mx/wp-content/plugins/elementor/assets/lib/font-awesome/webfonts/fa-solid-900d41d.eot]
[be-it.com.mx/wp-content/plugins/elementor/assets/lib/font-awesome/css/all.min7404.css]
[be-it.com.mx/wp-content/plugins/elementor/assets/lib/font-awesome/css/regular.min7404.css]
[be-it.com.mx/wp-content/plugins/elementor/assets/lib/font-awesome/webfonts/fa-brands-400.svg]
[be-it.com.mx/wp-content/plugins/themesflat-addons-for-elementor/assets/css/loading/loading.gif]
[be-it.com.mx/wp-content/plugins/themesflat-addons-for-elementor/assets/img/icon-close.png]
[be-it.com.mx/wp-content/plugins/themesflat-addons-for-elementor/assets/css/tf-style7404.css]
[be-it.com.mx/wp-includes/css/dist/block-library/style.min7404.css]
[be-it.com.mx/wp-content/plugins/header-footer-elementor/assets/css/header-footer-elementor10ef.css]
[be-it.com.mx/wp-content/plugins/elementor/assets/lib/eicons/fonts/eicons1075.woff2]
[be-it.com.mx/wp-content/plugins/elementor/assets/lib/eicons/fonts/eicons1075.woff]
[be-it.com.mx/wp-content/plugins/elementor/assets/lib/eicons/fonts/eicons1075.eot]
[be-it.com.mx/wp-content/plugins/elementor/assets/lib/eicons/fonts/eicons1075.ttf]
[be-it.com.mx/wp-content/plugins/elementor/assets/lib/font-awesome/webfonts/fa-solid-900.svg]
[be-it.com.mx/wp-content/plugins/elementor/assets/lib/eicons/css/elementor-icons.min91ce.css]
[be-it.com.mx/wp-content/plugins/elementor/assets/css/frontend-lite.minac9e.css]
[be-it.com.mx/wp-content/uploads/elementor/css/post-437846e.css]
[be-it.com.mx/wp-content/uploads/2022/09/be-it-home.jpg]
[be-it.com.mx/wp-content/uploads/2022/06/globe-Q676QDA.jpg]
[be-it.com.mx/wp-content/plugins/elementor/assets/lib/eicons/fonts/eicons1075.svg]
[be-it.com.mx/wp-content/uploads/elementor/css/post-12809f1f.css]
[be-it.com.mx/wp-content/plugins/header-footer-elementor/inc/widgets-css/frontend10ef.css]
[be-it.com.mx/wp-content/uploads/elementor/css/post-3818f5e.css]
[be-it.com.mx/wp-content/uploads/elementor/css/post-2095eab.css]
[be-it.com.mx/wp-content/uploads/2022/06/creative-young-team-working-in-office-TXL7J5Z.jpg]
[be-it.com.mx/wp-content/plugins/elementskit-lite/modules/elementskit-icon-pack/assets/fonts/elementskit97ac.woff]
[be-it.com.mx/wp-content/plugins/elementskit-lite/modules/elementskit-icon-pack/assets/css/ekiticons41fe.css]
[be-it.com.mx/wp-content/plugins/creame-whatsapp-me/public/css/joinchat-btn.min23c3.css]
[be-it.com.mx/wp-content/plugins/integration-dynamics/resources/front/images/grid_ctrl_imgs.png]
[be-it.com.mx/wp-content/plugins/integration-dynamics/resources/front/images/search_normal.gif]
[be-it.com.mx/wp-content/plugins/integration-dynamics/resources/front/images/search_hover.gif]
[be-it.com.mx/wp-content/plugins/integration-dynamics/resources/front/images/control_imgs.png]
[be-it.com.mx/wp-content/plugins/integration-dynamics/resources/front/css/wordpresscrm7404.css]
[be-it.com.mx/wp-content/plugins/integration-dynamics/resources/front/css/images/ui-bg_flat_0_ffffff_40x100.png]
[be-it.com.mx/wp-content/plugins/integration-dynamics/resources/front/css/images/ui-bg_highlight-soft_50_ffffff_1x100.png]
[be-it.com.mx/wp-content/plugins/integration-dynamics/resources/front/css/images/ui-bg_glass_0_FFF_1x400.png]
[be-it.com.mx/wp-content/plugins/integration-dynamics/resources/front/css/images/ui-bg_glass_0_ffffFF_1x400.png]
[be-it.com.mx/wp-content/plugins/integration-dynamics/resources/front/css/images/ui-bg_glass_55_fbf9ee_1x400.png]
[be-it.com.mx/wp-content/plugins/integration-dynamics/resources/front/css/images/ui-bg_glass_95_fef1ec_1x400.png]
[be-it.com.mx/wp-content/plugins/integration-dynamics/resources/front/css/images/ui-icons_222222_256x240.png]
[be-it.com.mx/wp-content/plugins/integration-dynamics/resources/front/css/images/ui-icons_888888_256x240.png]
[be-it.com.mx/wp-content/plugins/integration-dynamics/resources/front/css/images/ui-icons_454545_256x240.png]
[be-it.com.mx/wp-content/plugins/integration-dynamics/resources/front/css/images/ui-icons_2e83ff_256x240.png]
[be-it.com.mx/wp-content/plugins/integration-dynamics/resources/front/css/images/ui-icons_cd0a0a_256x240.png]
[be-it.com.mx/wp-content/plugins/integration-dynamics/resources/front/css/images/ui-bg_flat_0_aaaaaa_40x100.png]
[be-it.com.mx/wp-content/plugins/integration-dynamics/resources/front/css/images/ui-bg_flat_60_c8c8c8_40x100.png]
[be-it.com.mx/wp-content/plugins/integration-dynamics/resources/front/css/wordpresscrm-jqueryui-css7404.css]
[be-it.com.mx/wp-content/plugins/integration-dynamics/resources/front/css/jquery.datetimepicker7404.css]
[be-it.com.mx/wp-content/plugins/elementskit-lite/widgets/init/assets/img/arrow.png]
[be-it.com.mx/wp-content/plugins/elementskit-lite/widgets/init/assets/img/sort_asc.png]
[be-it.com.mx/wp-content/plugins/elementskit-lite/widgets/init/assets/img/sort_desc.png]
[be-it.com.mx/wp-content/plugins/elementskit-lite/widgets/init/assets/img/sort_asc_disabled.png]
[be-it.com.mx/wp-content/plugins/elementskit-lite/widgets/init/assets/img/cross-out.svg]
[be-it.com.mx/wp-content/plugins/elementskit-lite/widgets/init/assets/css/widget-styles41fe.css]
[be-it.com.mx/wp-content/plugins/elementskit-lite/widgets/init/assets/css/responsive41fe.css]
[be-it.com.mx/wp-content/plugins/jeg-elementor-kit/assets/fonts/jkiticon/jkiticon7107.ttf]
[be-it.com.mx/wp-content/plugins/jeg-elementor-kit/assets/fonts/jkiticon/jkiticon7107.woff]
[be-it.com.mx/wp-content/plugins/jeg-elementor-kit/assets/fonts/jkiticon/jkiticonfc3c.css]
[be-it.com.mx/wp-content/plugins/elementor/assets/lib/font-awesome/css/fontawesome.min52d5.css]
[be-it.com.mx/wp-content/plugins/elementor/assets/lib/font-awesome/css/solid.min52d5.css]
[be-it.com.mx/wp-content/plugins/elementor/assets/lib/font-awesome/css/brands.min52d5.css]
[be-it.com.mx/wp-content/uploads/2022/06/multi-ethnic-it-team-JDHACMJ.jpg]
[be-it.com.mx/wp-content/uploads/elementor/css/post-407e147.css]
[be-it.com.mx/wp-content/plugins/jeg-elementor-kit/assets/fonts/jkiticon/jkiticon7107.eot]
[be-it.com.mx/wp-content/plugins/jeg-elementor-kit/assets/fonts/jkiticon/jkiticon7107.svg]
[be-it.com.mx/wp-json/oembed/1.0/embeda274.json]
[be-it.com.mx/wp-json/wp/v2/pages/407.json]
[be-it.com.mx/wp-json/oembed/1.0/embedd8a7]
[be-it.com.mx/wp-content/plugins/elementor/assets/css/widget-icon-box.min.css]
[be-it.com.mx/wp-content/uploads/elementor/thumbs/asian-businessmen-and-businesswomen-meeting-using-W3QY5ES-prh5qp964dzdiphoo3w1pgr63xbpb4zk1sy968we80.jpg]
[be-it.com.mx/wp-content/uploads/2022/06/team-of-architects-working-in-office-B9MRAFR.jpg]
[be-it.com.mx/wp-content/uploads/2022/06/marcasMesa-de-trabajo-1.jpg]
[be-it.com.mx/wp-content/uploads/2022/06/marcasMesa-de-trabajo-3.jpg]
[be-it.com.mx/wp-content/uploads/2022/06/marcasMesa-de-trabajo-2.jpg]
[be-it.com.mx/wp-content/uploads/2022/06/marcasMesa-de-trabajo-6.jpg]
[be-it.com.mx/wp-content/uploads/2022/06/marcasMesa-de-trabajo-4.jpg]
[be-it.com.mx/wp-content/uploads/2022/06/marcasMesa-de-trabajo-5.jpg]
[be-it.com.mx/wp-content/uploads/2022/06/marcasMesa-de-trabajo-9.jpg]
[be-it.com.mx/wp-content/uploads/2022/06/working-as-a-team-36VRVP2-768x679.jpg]
[be-it.com.mx/wp-content/uploads/form-maker-frontend/css/fm-style-19c22.css]
[be-it.com.mx/wp-content/plugins/form-maker/css/styles.min4165.css]
[be-it.com.mx/wp-includes/js/jquery/ui/effect.min0028.js]
[be-it.com.mx/wp-includes/js/jquery/ui/effect-shake.min0028.js]
[be-it.com.mx/wp-content/plugins/form-maker/js/scripts.min4165.js]
[be-it.com.mx/wp-content/uploads/form-maker-frontend/js/fm-script-693dd.js]
[be-it.com.mx/conocenos/index.html]
[be-it.com.mx/wp-content/uploads/elementor/css/post-566c6ca.css]
[be-it.com.mx/wp-json/wp/v2/pages/566.json]
[be-it.com.mx/wp-json/oembed/1.0/embeda25d.json]
[be-it.com.mx/wp-json/oembed/1.0/embed5251]
[be-it.com.mx/wp-content/uploads/2022/06/62599f92a0df2d6c1c327e53_fabrica-software.jpg]
[be-it.com.mx/wp-content/uploads/elementor/thumbs/icono_Be_IT_Principal-prh5rl7uo0zlxjl27b8mbkkjn9ib4qt6yb49z2pls8.jpg]
[be-it.com.mx/servicios/fabrica-de-software/index.html]
[be-it.com.mx/wp-content/uploads/elementor/css/post-5995d7c.css]
[be-it.com.mx/wp-json/wp/v2/pages/599.json]
[be-it.com.mx/wp-json/oembed/1.0/embeda71c.json]
[be-it.com.mx/servicios/transformacion-digital/index.html]
[be-it.com.mx/wp-json/oembed/1.0/embed6cea]
[be-it.com.mx/wp-content/uploads/elementor/css/post-5975ee3.css]
[be-it.com.mx/wp-json/wp/v2/pages/597.json]
[be-it.com.mx/wp-json/oembed/1.0/embeda169.json]
[be-it.com.mx/wp-json/oembed/1.0/embedf288]
[be-it.com.mx/wp-content/uploads/2022/06/6259709e1d15bd791324d8d9_desarrollo-medida.jpg]
[be-it.com.mx/servicios/desarrollo-a-la-medida/index.html]
[be-it.com.mx/wp-content/uploads/elementor/css/post-6015ee3.css]
[be-it.com.mx/wp-json/wp/v2/pages/601.json]
[be-it.com.mx/wp-json/oembed/1.0/embed040b.json]
[be-it.com.mx/wp-json/oembed/1.0/embed53e2]
[be-it.com.mx/wp-content/uploads/2022/06/asignacion.jpg]
[be-it.com.mx/servicios/asignacion-de-talento-humano/index.html]
[be-it.com.mx/wp-content/uploads/elementor/css/post-6031791.css]
[be-it.com.mx/wp-json/wp/v2/pages/603.json]
[be-it.com.mx/wp-json/oembed/1.0/embed9454.json]
[be-it.com.mx/servicios/consultoria-ti/index.html]
[be-it.com.mx/wp-json/oembed/1.0/embed7273]
[be-it.com.mx/wp-content/uploads/elementor/css/post-605fdf1.css]
[be-it.com.mx/wp-json/wp/v2/pages/605.json]
[be-it.com.mx/wp-json/oembed/1.0/embedbfe1.json]
[be-it.com.mx/servicios/desarrollo-de-apps/index.html]
[be-it.com.mx/wp-json/oembed/1.0/embeda0fe]
[be-it.com.mx/wp-content/uploads/elementor/css/post-11641791.css]
[be-it.com.mx/wp-json/wp/v2/pages/1164.json]
[be-it.com.mx/wp-json/oembed/1.0/embedd832.json]
[be-it.com.mx/wp-json/oembed/1.0/embedca9a]
[be-it.com.mx/wp-content/uploads/2022/09/be-it-app-pymes.jpg]
[be-it.com.mx/servicios/desarrollo-de-apps-para-pymes/index.html]
[be-it.com.mx/wp-content/uploads/elementor/css/post-6071791.css]
[be-it.com.mx/wp-json/wp/v2/pages/607.json]
[be-it.com.mx/wp-json/oembed/1.0/embedea12.json]
[be-it.com.mx/wp-json/oembed/1.0/embed3d61]
[be-it.com.mx/wp-content/uploads/elementor/thumbs/icono_Be_IT_Principal-prh5rl7okr74hg79hhpd28oub0y6kuifi74rhnl0cg.jpg]
[be-it.com.mx/servicios/diagnostico-ti/index.html]
[be-it.com.mx/wp-content/uploads/elementor/css/post-609f49e.css]
[be-it.com.mx/wp-json/wp/v2/pages/609.json]
[be-it.com.mx/wp-json/oembed/1.0/embed2092.json]
[be-it.com.mx/wp-json/oembed/1.0/embeddc59]
[be-it.com.mx/wp-content/uploads/2022/09/tienda-en-linea.jpg]
[be-it.com.mx/servicios/ecommerce/index.html]
[be-it.com.mx/wp-content/uploads/elementor/css/post-6116e1b.css]
[be-it.com.mx/wp-json/wp/v2/pages/611.json]
[be-it.com.mx/wp-json/oembed/1.0/embed84d3.json]
[be-it.com.mx/servicios/paginas-web/index.html]
[be-it.com.mx/wp-json/oembed/1.0/embed7f7d]
[be-it.com.mx/wp-content/uploads/elementor/css/post-466e317.css]
[be-it.com.mx/wp-json/wp/v2/pages/466.json]
[be-it.com.mx/wp-json/oembed/1.0/embedbfa4.json]
[be-it.com.mx/wp-json/oembed/1.0/embed9002]
[be-it.com.mx/wp-content/uploads/2022/06/oval-s50.png]
[be-it.com.mx/wp-content/uploads/2022/06/analyzing-statistics-with-colleague-778RUW7-e1612984969635-1024x790.jpg]
[be-it.com.mx/wp-content/uploads/2023/10/BE_IT_WEB2023-23.png]
[be-it.com.mx/wp-content/uploads/form-maker-frontend/js/fm-script-7d0c8.js]
[be-it.com.mx/vacantes/index.html]
[be-it.com.mx/wp-content/uploads/2022/09/Be-it-Por-que-es-importante-el-desarrollo-de-aplicaciones-moviles-para-su-empresa.jpg]
[be-it.com.mx/wp-content/uploads/elementor/css/post-12866db7.css]
[be-it.com.mx/wp-json/wp/v2/pages/1286.json]
[be-it.com.mx/wp-json/oembed/1.0/embed7eae.json]
[be-it.com.mx/wp-json/oembed/1.0/embed7024]
[be-it.com.mx/wp-content/uploads/2024/03/microsoft-anuncia-novos-recursos-de-ia-para-seguranca-na-rsa-1-1536x864.jpg]
[be-it.com.mx/wp-content/uploads/2024/03/AI-solutions-1536x864.jpg]
[be-it.com.mx/wp-content/uploads/2022/06/laptop.png]
[be-it.com.mx/blog/index.html]
[be-it.com.mx/wp-content/uploads/elementor/css/post-258583a.css]
[be-it.com.mx/be_it-microsoft-partner/index.html]
[be-it.com.mx/elementor-2024/index.html]
[be-it.com.mx/caso-de-exito-agencia-de-marketing/index.html]
[be-it.com.mx/category/transformacion-digital/index.html]
[be-it.com.mx/category/desarrollo-de-apps/index.html]
[be-it.com.mx/wp-json/wp/v2/pages/258.json]
[be-it.com.mx/category/casos-exito/index.html]
[be-it.com.mx/wp-json/oembed/1.0/embedea21.json]
[be-it.com.mx/contacto/index.html]
[be-it.com.mx/wp-json/oembed/1.0/embed1866]
[be-it.com.mx/wp-content/uploads/elementor/css/post-2562c6c.css]
[be-it.com.mx/wp-json/wp/v2/pages/256.json]
[be-it.com.mx/wp-json/oembed/1.0/embed7837.json]
[be-it.com.mx/wp-json/oembed/1.0/embedb7c8]
[be-it.com.mx/wp-content/uploads/2022/06/icono_Be_IT_Principal.jpg]
[be-it.com.mx/wp-content/uploads/2022/06/programmers-cooperating-brainstorming-at-informati-4LDV69C.jpg]
[be-it.com.mx/servicios/index.html]
[be-it.com.mx/wp-content/plugins/elementor/assets/css/widget-icon-list.min.css]
[be-it.com.mx/wp-content/plugins/elementor/assets/lib/animations/animations.minac9e.css]
[be-it.com.mx/indexe2f2.html]
[be-it.com.mx/wp-content/plugins/jeg-elementor-kit/assets/img/letter-x.svg]
[be-it.com.mx/wp-content/plugins/elementor/assets/lib/font-awesome/webfonts/fa-brands-400.svg]
[be-it.com.mx/wp-content/plugins/elementor/assets/lib/font-awesome/webfonts/fa-regular-400.svg]
[be-it.com.mx/wp-content/plugins/elementor/assets/lib/font-awesome/webfonts/fa-solid-900.svg]
[be-it.com.mx/wp-content/plugins/elementor/assets/lib/eicons/fonts/eicons1075.svg]
[be-it.com.mx/wp-content/plugins/elementskit-lite/widgets/init/assets/img/cross-out.svg]
[be-it.com.mx/wp-content/plugins/jeg-elementor-kit/assets/fonts/jkiticon/jkiticon7107.svg]
[be-it.com.mx/wp-content/uploads/elementor/css/post-407e147.css]
[be-it.com.mx/indexffa6.html]
[be-it.com.mx/wp-content/plugins/elementor/assets/css/widget-icon-box.min.css]
[be-it.com.mx/wp-content/uploads/form-maker-frontend/css/fm-style-19c22.css]
[be-it.com.mx/wp-content/plugins/form-maker/css/images/ui-icons_222222_256x240.png]
[be-it.com.mx/wp-content/plugins/form-maker/images/refresh_black.png]
[be-it.com.mx/wp-content/plugins/form-maker/images/spinner.gif]
[be-it.com.mx/wp-content/plugins/form-maker/css/images/flags.png]
[be-it.com.mx/wp-content/plugins/form-maker/css/images/flags@2x.png]
[be-it.com.mx/wp-content/plugins/form-maker/css/fonts/fm-icons47eb.ttf]
[be-it.com.mx/wp-content/plugins/form-maker/css/fonts/fm-icons47eb.woff]
[be-it.com.mx/wp-content/plugins/form-maker/css/fonts/fm-icons47eb.svg]
[be-it.com.mx/wp-content/plugins/form-maker/css/styles.min4165.css]
[be-it.com.mx/wp-content/uploads/elementor/css/post-566c6ca.css]
[be-it.com.mx/index5f97.html]
[be-it.com.mx/wp-content/uploads/elementor/css/post-5995d7c.css]
[be-it.com.mx/indexa9e1.html]
[be-it.com.mx/wp-content/uploads/elementor/css/post-5975ee3.css]
[be-it.com.mx/index53ba.html]
[be-it.com.mx/wp-content/uploads/elementor/css/post-6015ee3.css]
[be-it.com.mx/indexbdc9.html]
[be-it.com.mx/wp-content/uploads/elementor/css/post-6031791.css]
[be-it.com.mx/index7aeb.html]
[be-it.com.mx/wp-content/uploads/elementor/css/post-605fdf1.css]
[be-it.com.mx/index0acd.html]
[be-it.com.mx/wp-content/uploads/elementor/css/post-11641791.css]
[be-it.com.mx/indexa873.html]
[be-it.com.mx/wp-content/uploads/elementor/css/post-6071791.css]
[be-it.com.mx/index30e4.html]
[be-it.com.mx/wp-content/uploads/elementor/css/post-609f49e.css]
[be-it.com.mx/index93f8.html]
[be-it.com.mx/wp-content/uploads/elementor/css/post-6116e1b.css]
[be-it.com.mx/indexb702.html]
[be-it.com.mx/wp-content/uploads/elementor/css/post-466e317.css]
[be-it.com.mx/index2905.html]
[be-it.com.mx/wp-content/uploads/elementor/css/post-12866db7.css]
[be-it.com.mx/index4488.html]
[be-it.com.mx/wp-content/uploads/2024/03/microsoft-anuncia-novos-recursos-de-ia-para-seguranca-na-rsa-1.jpg]
[be-it.com.mx/wp-content/uploads/elementor/css/post-2142afa5.css]
[be-it.com.mx/wp-json/wp/v2/posts/2142.json]
[be-it.com.mx/wp-json/oembed/1.0/embed6fe1.json]
[be-it.com.mx/wp-json/oembed/1.0/embedd8a3]
[be-it.com.mx/wp-content/uploads/2024/04/istockphoto-1391408732-612x612-1.jpg]
[be-it.com.mx/wp-content/uploads/2024/01/microsoft-365-1024x572-1.webp]
[be-it.com.mx/be_it-microsoft-partner/index.html]
[be-it.com.mx/wp-content/uploads/2024/03/AI-solutions.jpg]
[be-it.com.mx/wp-content/uploads/elementor/css/post-2024b480.css]
[be-it.com.mx/elementor-2024/feed/index.html]
[be-it.com.mx/wp-json/wp/v2/posts/2024.json]
[be-it.com.mx/wp-json/oembed/1.0/embed6dcf.json]
[be-it.com.mx/wp-json/oembed/1.0/embed3bc3]
[be-it.com.mx/xmlrpc.php]
[be-it.com.mx/wp-content/uploads/2024/03/AI-solutions-1024x576.jpg]
[be-it.com.mx/wp-content/uploads/2024/03/microsoft-anuncia-novos-recursos-de-ia-para-seguranca-na-rsa-1-1024x576.jpg]
[be-it.com.mx/wp-content/uploads/2024/03/ia-para-pymes-1024x573.png]
[be-it.com.mx/wp-content/uploads/2023/10/WEB_BOOSTIC-13-1-768x1801.png]
[be-it.com.mx/author/dmoreno/index.html]
[be-it.com.mx/wp-content/plugins/wpforms-lite/assets/images/submit-spin.svg]
[be-it.com.mx/wp-login430d.html]
[be-it.com.mx/wp-content/plugins/wpforms-lite/assets/css/frontend/modern/wpforms-full.minda65.css]
[be-it.com.mx/wp-includes/js/comment-reply.min7404.js]
[be-it.com.mx/wp-content/plugins/wpforms-lite/assets/lib/jquery.validate.min7e9d.js]
[be-it.com.mx/tipos-de-aplicacion-que-tu-empresa-necesita/index.html]
[be-it.com.mx/por-que-es-importante-el-desarrollo-de-aplicaciones-moviles-para-su-empresa/index.html]
[be-it.com.mx/wp-content/plugins/wpforms-lite/assets/lib/mailcheck.mincfa9.js]
[be-it.com.mx/wp-content/plugins/wpforms-lite/assets/lib/punycode.min8a54.js]
[be-it.com.mx/wp-content/plugins/wpforms-lite/assets/js/utils.minda65.js]
[be-it.com.mx/2024/04/index.html]
[be-it.com.mx/wp-content/plugins/wpforms-lite/assets/js/wpforms.minda65.js]
[be-it.com.mx/wp-content/plugins/wpforms-lite/assets/js/wpforms-modern.minda65.js]
[be-it.com.mx/elementor-2024/index.html]
[be-it.com.mx/2024/03/index.html]
[be-it.com.mx/2024/01/index.html]
[be-it.com.mx/wp-content/uploads/elementor/css/post-1926a25e.css]
[be-it.com.mx/caso-de-exito-agencia-de-marketing/feed/index.html]
[be-it.com.mx/2022/09/index.html]
[be-it.com.mx/wp-json/wp/v2/posts/1926.json]
[be-it.com.mx/wp-json/oembed/1.0/embedcb85.json]
[be-it.com.mx/wp-json/oembed/1.0/embedc1b0]
[be-it.com.mx/caso-de-exito-agencia-de-marketing/index.html]
[be-it.com.mx/wp-login2d29.html]
[be-it.com.mx/wp-json/wp/v2/categories/14.json]
[be-it.com.mx/category/transformacion-digital/index.html]
[be-it.com.mx/category/transformacion-digital/feed/index.html]
[be-it.com.mx/wp-json/wp/v2/categories/8.json]
[be-it.com.mx/wp-content/uploads/2022/09/Be-it-Tipos-de-apps-que-tu-empresa-necesita.jpg]
[be-it.com.mx/category/desarrollo-de-apps/index.html]
[be-it.com.mx/wp-content/plugins/creame-whatsapp-me/public/css/joinchat.min23c3.css]
[be-it.com.mx/category/desarrollo-de-apps/feed/index.html]
[be-it.com.mx/wp-json/wp/v2/categories/1.json]
[be-it.com.mx/category/casos-exito/index.html]
[be-it.com.mx/wp-content/uploads/elementor/css/post-258583a.css]
[be-it.com.mx/indexb773.html]
[be-it.com.mx/wp-content/uploads/elementor/css/post-2562c6c.css]
[be-it.com.mx/index03bd.html]
[be-it.com.mx/wp-content/plugins/form-maker/css/fonts/fm-icons47eb.svg]
[be-it.com.mx/wp-content/uploads/elementor/css/post-2142afa5.css]
[be-it.com.mx/index1fe5.html]
[be-it.com.mx/wp-content/uploads/elementor/css/post-2024b480.css]
[be-it.com.mx/indexf613.html]
[be-it.com.mx/xmlrpc.php]
[be-it.com.mx/category/casos-exito/feed/index.html]
[be-it.com.mx/wp-json/wp/v2/users/1.json]
[be-it.com.mx/author/dmoreno/index.html]
[be-it.com.mx/wp-content/plugins/wpforms-lite/assets/images/submit-spin.svg]
[be-it.com.mx/wp-includes/css/dashicons.min7404.css]
[be-it.com.mx/wp-includes/css/buttons.min7404.css]
[be-it.com.mx/wp-admin/css/forms.min7404.css]
[be-it.com.mx/wp-admin/css/l10n.min7404.css]
[be-it.com.mx/wp-admin/css/login.min7404.css]
[be-it.com.mx/author/dmoreno/feed/index.html]
[be-it.com.mx/wp-content/uploads/2022/06/cropped-icono_Be_IT_Principal-270x270.jpg]
[be-it.com.mx/wp-loginc2b6.html]
[be-it.com.mx/wp-includes/js/zxcvbn-async.min5152.js]
[be-it.com.mx/wp-includes/js/dist/vendor/regenerator-runtime.min3937.js]
[be-it.com.mx/wp-includes/js/dist/vendor/wp-polyfill.min2c7c.js]
[be-it.com.mx/wp-includes/js/dist/hooks.min8cbb.js]
[be-it.com.mx/wp-includes/js/dist/i18n.mina28b.js]
[be-it.com.mx/wp-admin/js/password-strength-meter.min7404.js]
[be-it.com.mx/wp-admin/js/user-profile.min7404.js]
[be-it.com.mx/wp-login430d.html]
[be-it.com.mx/wp-content/uploads/elementor/css/post-133756ff.css]
[be-it.com.mx/wp-json/wp/v2/posts/1337.json]
[be-it.com.mx/wp-json/oembed/1.0/embedba1c.json]
[be-it.com.mx/por-que-es-importante-el-desarrollo-de-aplicaciones-moviles-para-su-empresa/index.html]
[be-it.com.mx/wp-json/oembed/1.0/embed055d]
[be-it.com.mx/wp-content/uploads/elementor/css/post-12294df0.css]
[be-it.com.mx/tipos-de-aplicacion-que-tu-empresa-necesita/feed/index.html]
[be-it.com.mx/wp-json/wp/v2/posts/1229.json]
[be-it.com.mx/wp-json/oembed/1.0/embed69d4.json]
[be-it.com.mx/tipos-de-aplicacion-que-tu-empresa-necesita/index.html]
[be-it.com.mx/wp-json/oembed/1.0/embed79c2]
[be-it.com.mx/2024/04/index.html]
[be-it.com.mx/2024/03/index.html]
[be-it.com.mx/2024/01/index.html]
[be-it.com.mx/2022/09/index.html]
[be-it.com.mx/wp-content/plugins/wpforms-lite/assets/css/frontend/modern/wpforms-full.minda65.css]
[be-it.com.mx/wp-content/uploads/elementor/css/post-1926a25e.css]
[be-it.com.mx/index913e.html]
[be-it.com.mx/wp-login2d29.html]
[be-it.com.mx/wp-content/plugins/creame-whatsapp-me/public/css/joinchat.min23c3.css]
[beit.damarysmoreno.com/wp-content/uploads/2022/05/arrow.png]
[beit.damarysmoreno.com/wp-content/uploads/2022/06/trasndigital.jpg]
[beit.damarysmoreno.com/wp-content/uploads/2022/06/icono_Be_IT_Black.png]
[beit.damarysmoreno.com/wp-content/uploads/2022/06/app.jpg]
[beit.damarysmoreno.com/wp-content/uploads/2022/06/pag-web.jpg]
[beit.damarysmoreno.com/wp-content/uploads/2022/05/about-one-img-1.jpg]
[be-it.com.mx/wp-includes/fonts/dashicons7d4b.eot]
[be-it.com.mx/wp-includes/css/dashicons.min7404.css]
[be-it.com.mx/wp-includes/css/buttons.min7404.css]
[be-it.com.mx/wp-includes/fonts/dashicons7d4b.ttf]
[be-it.com.mx/wp-admin/images/loading.gif]
[be-it.com.mx/wp-admin/css/forms.min7404.css]
[be-it.com.mx/wp-admin/css/l10n.min7404.css]
[be-it.com.mx/wp-admin/images/w-logo-blue7a53.png]
[be-it.com.mx/wp-admin/images/wordpress-logo7d6b.svg]
[be-it.com.mx/wp-admin/css/login.min7404.css]
[be-it.com.mx/wp-loginc2b6.html]
[be-it.com.mx/wp-content/uploads/elementor/css/post-133756ff.css]
[be-it.com.mx/indexcfab.html]
[be-it.com.mx/wp-content/uploads/elementor/css/post-12294df0.css]
[be-it.com.mx/indexde04.html]
[beit.damarysmoreno.com/wp-content/uploads/2022/06/map-Q676QDA.jpg]
[beit.damarysmoreno.com/wp-content/uploads/2022/05/map-dotted.jpg]
[beit.damarysmoreno.com/wp-content/uploads/2022/06/entrepreneurs-working-on-project-indoors-in-office-SQH394N.jpg]
[be-it.com.mx/wp-admin/images/wordpress-logo7d6b.svg]
[be-it.com.mx/wp-login.html]
[be-it.com.mx/wp-login.html]
